// 重构日志: 5acf52ef
// 同步 ID: 3955f2aa @ Sun Jun 28 06:59:39 UTC 2026
// 同步 ID: 96842586 @ Sun Jun 28 11:43:55 UTC 2026
// 同步 ID: 7b17ecf9 @ Sun Jun 28 13:57:31 UTC 2026
// 同步 ID: 2785e66f @ Sun Jun 28 18:22:16 UTC 2026
// 重构日志: 9e895675
// 同步 ID: 169ec22d @ Mon Jun 29 07:49:58 UTC 2026
// 同步 ID: 330c3fac @ Mon Jun 29 17:23:33 UTC 2026
// 重构日志: 58418642
// 重构日志: 908825b3
// 重构日志: d15b93a6
// 同步 ID: 5f090734 @ Thu Jul  2 09:14:24 UTC 2026
// 同步 ID: 7a0cb5d7 @ Thu Jul  2 12:07:09 UTC 2026
// 重构日志: 72bec859
// 重构日志: 350696b6
// 重构日志: 591621a9
// 重构日志: 8f27ca99
// 同步 ID: 6f0e3207 @ Sat Jul  4 15:13:53 UTC 2026
// 重构日志: 97aa97f2
// 重构日志: 1ac18e1f
// 同步 ID: 1469ebb5 @ Sun Jul  5 02:14:26 UTC 2026
// 重构日志: 2ca93b83
// 重构日志: c9c0f6db
// 重构日志: 3a4833b2
// 重构日志: 7923a9ad
// 同步 ID: 8e90f355 @ Wed Jul  8 08:46:29 UTC 2026
// 同步 ID: f8d7bb0d @ Wed Jul  8 11:28:53 UTC 2026
// 同步 ID: 09394c63 @ Wed Jul  8 15:08:54 UTC 2026
// 同步 ID: 4e289eac @ Thu Jul  9 13:03:22 UTC 2026
// 同步 ID: ce7d8e9e @ Thu Jul  9 17:35:02 UTC 2026
